{
  "stats": {
    "suites": 1,
    "tests": 4,
    "passes": 4,
    "pending": 0,
    "failures": 0,
    "start": "2023-11-06T10:44:53.655Z",
    "end": "2023-11-06T10:44:54.466Z",
    "duration": 811,
    "testsRegistered": 4,
    "passPercent": 100,
    "pendingPercent": 0,
    "other": 0,
    "hasOther": false,
    "skipped": 0,
    "hasSkipped": false
  },
  "results": [
    {
      "uuid": "ab517a9b-fd81-46ec-9377-5f97b5fc7324",
      "title": "",
      "fullFile": "cypress\\e2e\\ApiTesting\\HttpRequests.cy.js",
      "file": "cypress\\e2e\\ApiTesting\\HttpRequests.cy.js",
      "beforeHooks": [],
      "afterHooks": [],
      "tests": [],
      "suites": [
        {
          "uuid": "df154167-c2d9-40bc-ab29-7ceb8cf13501",
          "title": "HTTP Requests",
          "fullFile": "",
          "file": "",
          "beforeHooks": [],
          "afterHooks": [],
          "tests": [
            {
              "title": "Get Call",
              "fullTitle": "HTTP Requests Get Call",
              "timedOut": null,
              "duration": 124,
              "state": "passed",
              "speed": "fast",
              "pass": true,
              "fail": false,
              "pending": false,
              "context": null,
              "code": "cy.request('GET', 'https://jsonplaceholder.typicode.com/posts/1').its('status').should('equal', 200);",
              "err": {},
              "uuid": "ffc99677-2b43-4547-8f5d-47287581998c",
              "parentUUID": "df154167-c2d9-40bc-ab29-7ceb8cf13501",
              "isHook": false,
              "skipped": false
            },
            {
              "title": "Post Call",
              "fullTitle": "HTTP Requests Post Call",
              "timedOut": null,
              "duration": 139,
              "state": "passed",
              "speed": "fast",
              "pass": true,
              "fail": false,
              "pending": false,
              "context": null,
              "code": "cy.request({\n  method: 'POST',\n  url: 'https://jsonplaceholder.typicode.com/posts/',\n  body: {\n    title: \"Test post\",\n    body: \"This is a post call\",\n    userId: 1\n  }\n}).its('status').should('equal', 201);",
              "err": {},
              "uuid": "f51d267f-c759-4ca1-b04b-52101e310c7d",
              "parentUUID": "df154167-c2d9-40bc-ab29-7ceb8cf13501",
              "isHook": false,
              "skipped": false
            },
            {
              "title": "Put Call",
              "fullTitle": "HTTP Requests Put Call",
              "timedOut": null,
              "duration": 294,
              "state": "passed",
              "speed": "fast",
              "pass": true,
              "fail": false,
              "pending": false,
              "context": null,
              "code": "cy.request({\n  method: 'PUT',\n  url: 'https://jsonplaceholder.typicode.com/posts/1',\n  body: {\n    title: \"Test post - Updated\",\n    body: \"This is a put call\",\n    userId: 1,\n    id: 1\n  }\n}).its('status').should('equal', 200);",
              "err": {},
              "uuid": "1d3cfcbc-5932-4127-8a3e-ebe20da08bdd",
              "parentUUID": "df154167-c2d9-40bc-ab29-7ceb8cf13501",
              "isHook": false,
              "skipped": false
            },
            {
              "title": "Delete Call",
              "fullTitle": "HTTP Requests Delete Call",
              "timedOut": null,
              "duration": 136,
              "state": "passed",
              "speed": "fast",
              "pass": true,
              "fail": false,
              "pending": false,
              "context": null,
              "code": "cy.request('DELETE', 'https://jsonplaceholder.typicode.com/posts/1')\n// cy.request({\n//     method: 'DELETE',\n//     url: 'https://jsonplaceholder.typicode.com/posts/1',\n// })\n.its('status').should('equal', 200);",
              "err": {},
              "uuid": "b445e0c7-d79b-4292-8998-9afad6aa0929",
              "parentUUID": "df154167-c2d9-40bc-ab29-7ceb8cf13501",
              "isHook": false,
              "skipped": false
            }
          ],
          "suites": [],
          "passes": [
            "ffc99677-2b43-4547-8f5d-47287581998c",
            "f51d267f-c759-4ca1-b04b-52101e310c7d",
            "1d3cfcbc-5932-4127-8a3e-ebe20da08bdd",
            "b445e0c7-d79b-4292-8998-9afad6aa0929"
          ],
          "failures": [],
          "pending": [],
          "skipped": [],
          "duration": 693,
          "root": false,
          "rootEmpty": false,
          "_timeout": 2000
        }
      ],
      "passes": [],
      "failures": [],
      "pending": [],
      "skipped": [],
      "duration": 0,
      "root": true,
      "rootEmpty": true,
      "_timeout": 2000
    }
  ],
  "meta": {
    "mocha": {
      "version": "7.0.1"
    },
    "mochawesome": {
      "options": {
        "quiet": false,
        "reportFilename": "mochawesome",
        "saveHtml": false,
        "saveJson": true,
        "consoleReporter": "spec",
        "useInlineDiffs": false,
        "code": true
      },
      "version": "7.1.3"
    },
    "marge": {
      "options": {
        "charts": true,
        "overwrite": false,
        "html": false,
        "json": true,
        "reportDir": "cypress/report"
      },
      "version": "6.2.0"
    }
  }
}