{
  "stats": {
    "suites": 1,
    "tests": 4,
    "passes": 4,
    "pending": 0,
    "failures": 0,
    "start": "2023-11-06T08:31:37.844Z",
    "end": "2023-11-06T08:31:38.914Z",
    "duration": 1070,
    "testsRegistered": 4,
    "passPercent": 100,
    "pendingPercent": 0,
    "other": 0,
    "hasOther": false,
    "skipped": 0,
    "hasSkipped": false
  },
  "results": [
    {
      "uuid": "c7085996-a0e4-4136-bdd0-2acb5dd94e52",
      "title": "",
      "fullFile": "cypress\\e2e\\ApiTesting\\HttpRequests.cy.js",
      "file": "cypress\\e2e\\ApiTesting\\HttpRequests.cy.js",
      "beforeHooks": [],
      "afterHooks": [],
      "tests": [],
      "suites": [
        {
          "uuid": "d8d73589-037b-4b6b-9b93-8d3284e92f26",
          "title": "HTTP Requests",
          "fullFile": "",
          "file": "",
          "beforeHooks": [],
          "afterHooks": [],
          "tests": [
            {
              "title": "Get Call",
              "fullTitle": "HTTP Requests Get Call",
              "timedOut": null,
              "duration": 202,
              "state": "passed",
              "speed": "fast",
              "pass": true,
              "fail": false,
              "pending": false,
              "context": null,
              "code": "cy.request('GET', 'https://jsonplaceholder.typicode.com/posts/1').its('status').should('equal', 200);",
              "err": {},
              "uuid": "422ff816-07b0-4eef-a866-c3bfcd8ef055",
              "parentUUID": "d8d73589-037b-4b6b-9b93-8d3284e92f26",
              "isHook": false,
              "skipped": false
            },
            {
              "title": "Post Call",
              "fullTitle": "HTTP Requests Post Call",
              "timedOut": null,
              "duration": 166,
              "state": "passed",
              "speed": "fast",
              "pass": true,
              "fail": false,
              "pending": false,
              "context": null,
              "code": "cy.request({\n  method: 'POST',\n  url: 'https://jsonplaceholder.typicode.com/posts/',\n  body: {\n    title: \"Test post\",\n    body: \"This is a post call\",\n    userId: 1\n  }\n}).its('status').should('equal', 201);",
              "err": {},
              "uuid": "209c9e32-9987-4aad-8c2e-bb0ed8a21f5f",
              "parentUUID": "d8d73589-037b-4b6b-9b93-8d3284e92f26",
              "isHook": false,
              "skipped": false
            },
            {
              "title": "Put Call",
              "fullTitle": "HTTP Requests Put Call",
              "timedOut": null,
              "duration": 331,
              "state": "passed",
              "speed": "fast",
              "pass": true,
              "fail": false,
              "pending": false,
              "context": null,
              "code": "cy.request({\n  method: 'PUT',\n  url: 'https://jsonplaceholder.typicode.com/posts/1',\n  body: {\n    title: \"Test post - Updated\",\n    body: \"This is a put call\",\n    userId: 1,\n    id: 1\n  }\n}).its('status').should('equal', 200);",
              "err": {},
              "uuid": "7592eeb7-c27e-4f66-a6be-abac0295a75c",
              "parentUUID": "d8d73589-037b-4b6b-9b93-8d3284e92f26",
              "isHook": false,
              "skipped": false
            },
            {
              "title": "Delete Call",
              "fullTitle": "HTTP Requests Delete Call",
              "timedOut": null,
              "duration": 159,
              "state": "passed",
              "speed": "fast",
              "pass": true,
              "fail": false,
              "pending": false,
              "context": null,
              "code": "cy.request('DELETE', 'https://jsonplaceholder.typicode.com/posts/1')\n// cy.request({\n//     method: 'DELETE',\n//     url: 'https://jsonplaceholder.typicode.com/posts/1',\n// })\n.its('status').should('equal', 200);",
              "err": {},
              "uuid": "da03cc16-06e2-43c3-9760-defc40ab61c6",
              "parentUUID": "d8d73589-037b-4b6b-9b93-8d3284e92f26",
              "isHook": false,
              "skipped": false
            }
          ],
          "suites": [],
          "passes": [
            "422ff816-07b0-4eef-a866-c3bfcd8ef055",
            "209c9e32-9987-4aad-8c2e-bb0ed8a21f5f",
            "7592eeb7-c27e-4f66-a6be-abac0295a75c",
            "da03cc16-06e2-43c3-9760-defc40ab61c6"
          ],
          "failures": [],
          "pending": [],
          "skipped": [],
          "duration": 858,
          "root": false,
          "rootEmpty": false,
          "_timeout": 2000
        }
      ],
      "passes": [],
      "failures": [],
      "pending": [],
      "skipped": [],
      "duration": 0,
      "root": true,
      "rootEmpty": true,
      "_timeout": 2000
    }
  ],
  "meta": {
    "mocha": {
      "version": "7.0.1"
    },
    "mochawesome": {
      "options": {
        "quiet": false,
        "reportFilename": "mochawesome",
        "saveHtml": false,
        "saveJson": true,
        "consoleReporter": "spec",
        "useInlineDiffs": false,
        "code": true
      },
      "version": "7.1.3"
    },
    "marge": {
      "options": {
        "charts": true,
        "overwrite": false,
        "html": false,
        "json": true,
        "reportDir": "cypress/report"
      },
      "version": "6.2.0"
    }
  }
}