{
  "stats": {
    "suites": 1,
    "tests": 2,
    "passes": 1,
    "pending": 0,
    "failures": 1,
    "start": "2023-11-09T07:59:59.779Z",
    "end": "2023-11-09T08:00:00.937Z",
    "duration": 1158,
    "testsRegistered": 2,
    "passPercent": 50,
    "pendingPercent": 0,
    "other": 0,
    "hasOther": false,
    "skipped": 0,
    "hasSkipped": false
  },
  "results": [
    {
      "uuid": "b4ff0585-b099-41cc-8be0-a0f1d8c256d4",
      "title": "",
      "fullFile": "cypress\\e2e\\ApiTesting\\PostCalls.cy.js",
      "file": "cypress\\e2e\\ApiTesting\\PostCalls.cy.js",
      "beforeHooks": [],
      "afterHooks": [],
      "tests": [],
      "suites": [
        {
          "uuid": "4046c10c-6f68-4495-838b-85e719fcd679",
          "title": "API Testing",
          "fullFile": "",
          "file": "",
          "beforeHooks": [],
          "afterHooks": [],
          "tests": [
            {
              "title": "Approach2 - Dynamically Generated Json Object",
              "fullTitle": "API Testing Approach2 - Dynamically Generated Json Object",
              "timedOut": null,
              "duration": 618,
              "state": "passed",
              "speed": "fast",
              "pass": true,
              "fail": false,
              "pending": false,
              "context": null,
              "code": "const requestBody = {\n  tourist_name: Math.random().toString(5).substring(2),\n  tourist_email: Math.random().toString(5).substring(2) + \"@yopmail.com\",\n  tourist_location: \"Fretin\"\n};\ncy.request({\n  method: 'POST',\n  url: 'http://restapi.adequateshop.com/api/Tourist/',\n  body: requestBody\n}).then(response => {\n  expect(response.status).to.eq(201);\n  expect(response.body.tourist_name).to.eq(requestBody.tourist_name);\n  expect(response.body.tourist_email).to.eq(requestBody.tourist_email);\n  expect(response.body.tourist_location).to.eq(requestBody.tourist_location);\n});",
              "err": {},
              "uuid": "68a811b6-a05a-48d7-9cd0-3d824a7f88c5",
              "parentUUID": "4046c10c-6f68-4495-838b-85e719fcd679",
              "isHook": false,
              "skipped": false
            },
            {
              "title": "Approach3 - Dynamically Generated Json Object",
              "fullTitle": "API Testing Approach3 - Dynamically Generated Json Object",
              "timedOut": null,
              "duration": 400,
              "state": "failed",
              "speed": null,
              "pass": false,
              "fail": true,
              "pending": false,
              "context": null,
              "code": "cy.fixture('tourist').then(myFixtureData => {\n  const requestBody = myFixtureData;\n  cy.request({\n    method: 'POST',\n    url: 'http://restapi.adequateshop.com/api/Tourist/',\n    body: requestBody\n  }).then(response => {\n    expect(response.status).to.eq(201);\n    expect(response.body.tourist_name).to.eq(requestBody.tourist_name);\n    expect(response.body.tourist_email).to.eq(requestBody.tourist_email);\n    expect(response.body.tourist_location).to.eq(requestBody.tourist_location);\n    expect(response.body).has.property('tourist_name', requestBody.tourist_name);\n    expect(response.body).has.property('tourist_email', requestBody.tourist_email);\n    expect(response.body).has.property('tourist_location', requestBody.tourist_location);\n  });\n});",
              "err": {
                "message": "CypressError: `cy.request()` failed on:\n\nhttp://restapi.adequateshop.com/api/Tourist/\n\nThe response we received from your web server was:\n\n  > 400: Bad Request\n\nThis was considered a failure because the status code was not `2xx` or `3xx`.\n\nIf you do not want status codes to cause failures pass the option: `failOnStatusCode: false`\n\n-----------------------------------------------------------\n\nThe request we sent was:\n\nMethod: POST\nURL: http://restapi.adequateshop.com/api/Tourist/\nHeaders: {\n  \"Connection\": \"keep-alive\",\n  \"user-agent\": \"Mozilla/5.0 (Windows NT 10.0; Win64; x64) AppleWebKit/537.36 (KHTML, like Gecko) Cypress/13.3.3 Chrome/114.0.5735.289 Electron/25.8.4 Safari/537.36\",\n  \"accept\": \"*/*\",\n  \"accept-encoding\": \"gzip, deflate\",\n  \"content-type\": \"application/json\",\n  \"content-length\": 98\n}\nBody: {\"tourist_name\":\"Durant\",\"tourist_email\":\"durand123wxyz@yopmail.com\",\"tourist_location\":\"Aubagne\"}\n\n-----------------------------------------------------------\n\nThe response we got was:\n\nStatus: 400 - Bad Request\nHeaders: {\n  \"cache-control\": \"no-cache\",\n  \"pragma\": \"no-cache\",\n  \"content-type\": \"application/json; charset=utf-8\",\n  \"expires\": \"-1\",\n  \"server\": \"Microsoft-IIS/10.0\",\n  \"x-aspnet-version\": \"4.0.30319\",\n  \"x-powered-by\": \"ASP.NET\",\n  \"date\": \"Thu, 09 Nov 2023 07:59:59 GMT\",\n  \"content-length\": \"53\"\n}\nBody: {\n  \"Message\": \"Pleae try with different email address!\"\n}\n\n\nhttps://on.cypress.io/request",
                "estack": "CypressError: `cy.request()` failed on:\n\nhttp://restapi.adequateshop.com/api/Tourist/\n\nThe response we received from your web server was:\n\n  > 400: Bad Request\n\nThis was considered a failure because the status code was not `2xx` or `3xx`.\n\nIf you do not want status codes to cause failures pass the option: `failOnStatusCode: false`\n\n-----------------------------------------------------------\n\nThe request we sent was:\n\nMethod: POST\nURL: http://restapi.adequateshop.com/api/Tourist/\nHeaders: {\n  \"Connection\": \"keep-alive\",\n  \"user-agent\": \"Mozilla/5.0 (Windows NT 10.0; Win64; x64) AppleWebKit/537.36 (KHTML, like Gecko) Cypress/13.3.3 Chrome/114.0.5735.289 Electron/25.8.4 Safari/537.36\",\n  \"accept\": \"*/*\",\n  \"accept-encoding\": \"gzip, deflate\",\n  \"content-type\": \"application/json\",\n  \"content-length\": 98\n}\nBody: {\"tourist_name\":\"Durant\",\"tourist_email\":\"durand123wxyz@yopmail.com\",\"tourist_location\":\"Aubagne\"}\n\n-----------------------------------------------------------\n\nThe response we got was:\n\nStatus: 400 - Bad Request\nHeaders: {\n  \"cache-control\": \"no-cache\",\n  \"pragma\": \"no-cache\",\n  \"content-type\": \"application/json; charset=utf-8\",\n  \"expires\": \"-1\",\n  \"server\": \"Microsoft-IIS/10.0\",\n  \"x-aspnet-version\": \"4.0.30319\",\n  \"x-powered-by\": \"ASP.NET\",\n  \"date\": \"Thu, 09 Nov 2023 07:59:59 GMT\",\n  \"content-length\": \"53\"\n}\nBody: {\n  \"Message\": \"Pleae try with different email address!\"\n}\n\n\nhttps://on.cypress.io/request\n    at <unknown> (http://localhost:50570/__cypress/runner/cypress_runner.js:133260:72)\n    at tryCatcher (http://localhost:50570/__cypress/runner/cypress_runner.js:1807:23)\n    at Promise._settlePromiseFromHandler (http://localhost:50570/__cypress/runner/cypress_runner.js:1519:31)\n    at Promise._settlePromise (http://localhost:50570/__cypress/runner/cypress_runner.js:1576:18)\n    at Promise._settlePromise0 (http://localhost:50570/__cypress/runner/cypress_runner.js:1621:10)\n    at Promise._settlePromises (http://localhost:50570/__cypress/runner/cypress_runner.js:1701:18)\n    at _drainQueueStep (http://localhost:50570/__cypress/runner/cypress_runner.js:2407:12)\n    at _drainQueue (http://localhost:50570/__cypress/runner/cypress_runner.js:2400:9)\n    at Async._drainQueues (http://localhost:50570/__cypress/runner/cypress_runner.js:2416:5)\n    at Async.drainQueues (http://localhost:50570/__cypress/runner/cypress_runner.js:2286:14)\nFrom Your Spec Code:\n    at Context.eval (webpack://cypress_school/./cypress/e2e/ApiTesting/PostCalls.cy.js:45:15)",
                "diff": null
              },
              "uuid": "9013aa39-65f6-4906-b7e6-a9e16debe15e",
              "parentUUID": "4046c10c-6f68-4495-838b-85e719fcd679",
              "isHook": false,
              "skipped": false
            }
          ],
          "suites": [],
          "passes": [
            "68a811b6-a05a-48d7-9cd0-3d824a7f88c5"
          ],
          "failures": [
            "9013aa39-65f6-4906-b7e6-a9e16debe15e"
          ],
          "pending": [],
          "skipped": [],
          "duration": 1018,
          "root": false,
          "rootEmpty": false,
          "_timeout": 2000
        }
      ],
      "passes": [],
      "failures": [],
      "pending": [],
      "skipped": [],
      "duration": 0,
      "root": true,
      "rootEmpty": true,
      "_timeout": 2000
    }
  ],
  "meta": {
    "mocha": {
      "version": "7.0.1"
    },
    "mochawesome": {
      "options": {
        "quiet": false,
        "reportFilename": "mochawesome",
        "saveHtml": false,
        "saveJson": true,
        "consoleReporter": "spec",
        "useInlineDiffs": false,
        "code": true
      },
      "version": "7.1.3"
    },
    "marge": {
      "options": {
        "charts": true,
        "overwrite": false,
        "html": false,
        "json": true,
        "reportDir": "cypress/report"
      },
      "version": "6.2.0"
    }
  }
}