{
  "stats": {
    "suites": 0,
    "tests": 3,
    "passes": 3,
    "pending": 0,
    "failures": 0,
    "start": "2023-11-06T08:31:08.190Z",
    "end": "2023-11-06T08:31:08.657Z",
    "duration": 467,
    "testsRegistered": 3,
    "passPercent": 100,
    "pendingPercent": 0,
    "other": 0,
    "hasOther": false,
    "skipped": 0,
    "hasSkipped": false
  },
  "results": [
    {
      "uuid": "0ac78471-1676-4924-88de-f2d78fb7aaa4",
      "title": "",
      "fullFile": "cypress\\e2e\\readwritefilesdemo.cy.js",
      "file": "cypress\\e2e\\readwritefilesdemo.cy.js",
      "beforeHooks": [],
      "afterHooks": [],
      "tests": [
        {
          "title": "Read Files using fixture",
          "fullTitle": "Read Files using fixture",
          "timedOut": null,
          "duration": 126,
          "state": "passed",
          "speed": "fast",
          "pass": true,
          "fail": false,
          "pending": false,
          "context": null,
          "code": "cy.fixture('example.json').then(data => {\n  cy.log(data.name);\n  cy.log(data.email);\n  cy.log(data.body);\n});\n// cy.log(this.test_data.name)",
          "err": {},
          "uuid": "70f9fbe5-a31a-44f0-9cea-05126e834cea",
          "parentUUID": "0ac78471-1676-4924-88de-f2d78fb7aaa4",
          "isHook": false,
          "skipped": false
        },
        {
          "title": "Read File using readFile",
          "fullTitle": "Read File using readFile",
          "timedOut": null,
          "duration": 75,
          "state": "passed",
          "speed": "fast",
          "pass": true,
          "fail": false,
          "pending": false,
          "context": null,
          "code": "cy.readFile('./cypress/fixtures/example.json').then(data => {\n  cy.log(data.name);\n  cy.log(data.email);\n  cy.log(data.body);\n});",
          "err": {},
          "uuid": "495d2ba5-af42-4a92-888e-819ace8d5215",
          "parentUUID": "0ac78471-1676-4924-88de-f2d78fb7aaa4",
          "isHook": false,
          "skipped": false
        },
        {
          "title": "Write File demo",
          "fullTitle": "Write File demo",
          "timedOut": null,
          "duration": 122,
          "state": "passed",
          "speed": "fast",
          "pass": true,
          "fail": false,
          "pending": false,
          "context": null,
          "code": "cy.writeFile('sample.txt', 'Hello, I am David !\\n');\ncy.writeFile('sample.txt', 'I am learning Cypress !', {\n  flag: 'a+'\n});",
          "err": {},
          "uuid": "dad0dde8-da8b-4ead-9e8a-6b592e62c369",
          "parentUUID": "0ac78471-1676-4924-88de-f2d78fb7aaa4",
          "isHook": false,
          "skipped": false
        }
      ],
      "suites": [],
      "passes": [
        "70f9fbe5-a31a-44f0-9cea-05126e834cea",
        "495d2ba5-af42-4a92-888e-819ace8d5215",
        "dad0dde8-da8b-4ead-9e8a-6b592e62c369"
      ],
      "failures": [],
      "pending": [],
      "skipped": [],
      "duration": 323,
      "root": true,
      "rootEmpty": false,
      "_timeout": 2000
    }
  ],
  "meta": {
    "mocha": {
      "version": "7.0.1"
    },
    "mochawesome": {
      "options": {
        "quiet": false,
        "reportFilename": "mochawesome",
        "saveHtml": false,
        "saveJson": true,
        "consoleReporter": "spec",
        "useInlineDiffs": false,
        "code": true
      },
      "version": "7.1.3"
    },
    "marge": {
      "options": {
        "charts": true,
        "overwrite": false,
        "html": false,
        "json": true,
        "reportDir": "cypress/report"
      },
      "version": "6.2.0"
    }
  }
}