{
  "stats": {
    "suites": 1,
    "tests": 1,
    "passes": 1,
    "pending": 0,
    "failures": 0,
    "start": "2023-11-03T15:52:54.561Z",
    "end": "2023-11-03T15:52:55.078Z",
    "duration": 517,
    "testsRegistered": 1,
    "passPercent": 100,
    "pendingPercent": 0,
    "other": 0,
    "hasOther": false,
    "skipped": 0,
    "hasSkipped": false
  },
  "results": [
    {
      "uuid": "e8b1f788-2c2e-40ea-a3d1-36e46c2869a8",
      "title": "",
      "fullFile": "cypress\\e2e\\ApiTesting\\JsonSchemaValidation.cy.js",
      "file": "cypress\\e2e\\ApiTesting\\JsonSchemaValidation.cy.js",
      "beforeHooks": [],
      "afterHooks": [],
      "tests": [],
      "suites": [
        {
          "uuid": "db8297a5-0dad-4491-8baa-2784f46de032",
          "title": "Schema Validation",
          "fullFile": "",
          "file": "",
          "beforeHooks": [],
          "afterHooks": [],
          "tests": [
            {
              "title": "Schema Validation against Response",
              "fullTitle": "Schema Validation Schema Validation against Response",
              "timedOut": null,
              "duration": 471,
              "state": "passed",
              "speed": "fast",
              "pass": true,
              "fail": false,
              "pending": false,
              "context": null,
              "code": "cy.request({\n  method: 'GET',\n  url: 'https://fakestoreapi.com/products'\n}).then(response => {\n  var schema = {\n    \"$schema\": \"http://json-schema.org/draft-07/schema#\",\n    \"title\": \"Generated schema for Root\",\n    \"type\": \"array\",\n    \"items\": {\n      \"type\": \"object\",\n      \"properties\": {\n        \"id\": {\n          \"type\": \"number\"\n        },\n        \"title\": {\n          \"type\": \"string\"\n        },\n        \"price\": {\n          \"type\": \"number\"\n        },\n        \"description\": {\n          \"type\": \"string\"\n        },\n        \"category\": {\n          \"type\": \"string\"\n        },\n        \"image\": {\n          \"type\": \"string\"\n        },\n        \"rating\": {\n          \"type\": \"object\",\n          \"properties\": {\n            \"rate\": {\n              \"type\": \"number\"\n            },\n            \"count\": {\n              \"type\": \"number\"\n            }\n          },\n          \"required\": [\"rate\", \"count\"]\n        }\n      },\n      \"required\": [\"id\", \"title\", \"price\", \"description\", \"category\", \"image\", \"rating\"]\n    }\n  };\n  const validate = ajv.compile(schema);\n  const isvalid = validate(response.body);\n  expect(isvalid).to.be.true;\n});",
              "err": {},
              "uuid": "bb86e07c-a2cb-46cc-8a0d-222b4393307c",
              "parentUUID": "db8297a5-0dad-4491-8baa-2784f46de032",
              "isHook": false,
              "skipped": false
            }
          ],
          "suites": [],
          "passes": [
            "bb86e07c-a2cb-46cc-8a0d-222b4393307c"
          ],
          "failures": [],
          "pending": [],
          "skipped": [],
          "duration": 471,
          "root": false,
          "rootEmpty": false,
          "_timeout": 2000
        }
      ],
      "passes": [],
      "failures": [],
      "pending": [],
      "skipped": [],
      "duration": 0,
      "root": true,
      "rootEmpty": true,
      "_timeout": 2000
    }
  ],
  "meta": {
    "mocha": {
      "version": "7.0.1"
    },
    "mochawesome": {
      "options": {
        "quiet": false,
        "reportFilename": "mochawesome",
        "saveHtml": true,
        "saveJson": true,
        "consoleReporter": "spec",
        "useInlineDiffs": false,
        "code": true
      },
      "version": "7.1.3"
    },
    "marge": {
      "options": {
        "charts": true,
        "overwrite": false,
        "html": true,
        "json": true,
        "reportDir": "cypress/report"
      },
      "version": "6.2.0"
    }
  }
}