{
  "stats": {
    "suites": 1,
    "tests": 1,
    "passes": 1,
    "pending": 0,
    "failures": 0,
    "start": "2023-11-09T08:00:02.706Z",
    "end": "2023-11-09T08:00:02.938Z",
    "duration": 232,
    "testsRegistered": 1,
    "passPercent": 100,
    "pendingPercent": 0,
    "other": 0,
    "hasOther": false,
    "skipped": 0,
    "hasSkipped": false
  },
  "results": [
    {
      "uuid": "39b2bb38-dbd2-4b67-86b2-2463dce929b8",
      "title": "",
      "fullFile": "cypress\\e2e\\ApiTesting\\QueryParams.cy.js",
      "file": "cypress\\e2e\\ApiTesting\\QueryParams.cy.js",
      "beforeHooks": [],
      "afterHooks": [],
      "tests": [],
      "suites": [
        {
          "uuid": "40168a3e-a0f0-437c-9af7-c505528de369",
          "title": "API Reqres Testing",
          "fullFile": "",
          "file": "",
          "beforeHooks": [],
          "afterHooks": [],
          "tests": [
            {
              "title": "Passing Query parameters",
              "fullTitle": "API Reqres Testing Passing Query parameters",
              "timedOut": null,
              "duration": 186,
              "state": "passed",
              "speed": "fast",
              "pass": true,
              "fail": false,
              "pending": false,
              "context": null,
              "code": "cy.request({\n  method: 'GET',\n  url: 'https://reqres.in/api/users',\n  qs: queryParams\n}).then(response => {\n  expect(response.status).to.eq(200);\n  expect(response.body.per_page).to.eq(6);\n  expect(response.body.data[0].first_name).to.eq('Michael');\n  expect(response.body.data[0]).has.property('first_name', 'Michael');\n  expect(response.body.data[0].last_name).to.eq('Lawson');\n  expect(response.body.data[1].first_name).to.eq('Lindsay');\n  expect(response.body.data[1].last_name).to.eq('Ferguson');\n  expect(response.body.data).has.length(6);\n});",
              "err": {},
              "uuid": "cc397ab6-9433-4e6c-841c-4e0cb35b2663",
              "parentUUID": "40168a3e-a0f0-437c-9af7-c505528de369",
              "isHook": false,
              "skipped": false
            }
          ],
          "suites": [],
          "passes": [
            "cc397ab6-9433-4e6c-841c-4e0cb35b2663"
          ],
          "failures": [],
          "pending": [],
          "skipped": [],
          "duration": 186,
          "root": false,
          "rootEmpty": false,
          "_timeout": 2000
        }
      ],
      "passes": [],
      "failures": [],
      "pending": [],
      "skipped": [],
      "duration": 0,
      "root": true,
      "rootEmpty": true,
      "_timeout": 2000
    }
  ],
  "meta": {
    "mocha": {
      "version": "7.0.1"
    },
    "mochawesome": {
      "options": {
        "quiet": false,
        "reportFilename": "mochawesome",
        "saveHtml": false,
        "saveJson": true,
        "consoleReporter": "spec",
        "useInlineDiffs": false,
        "code": true
      },
      "version": "7.1.3"
    },
    "marge": {
      "options": {
        "charts": true,
        "overwrite": false,
        "html": false,
        "json": true,
        "reportDir": "cypress/report"
      },
      "version": "6.2.0"
    }
  }
}