{
  "stats": {
    "suites": 1,
    "tests": 4,
    "passes": 4,
    "pending": 0,
    "failures": 0,
    "start": "2023-11-09T07:59:47.610Z",
    "end": "2023-11-09T07:59:48.457Z",
    "duration": 847,
    "testsRegistered": 4,
    "passPercent": 100,
    "pendingPercent": 0,
    "other": 0,
    "hasOther": false,
    "skipped": 0,
    "hasSkipped": false
  },
  "results": [
    {
      "uuid": "c91fdb4b-c85f-4f3d-8dbb-c6117fc39c5c",
      "title": "",
      "fullFile": "cypress\\e2e\\ApiTesting\\HttpRequests.cy.js",
      "file": "cypress\\e2e\\ApiTesting\\HttpRequests.cy.js",
      "beforeHooks": [],
      "afterHooks": [],
      "tests": [],
      "suites": [
        {
          "uuid": "9915e428-e718-4124-a5df-6c319dd2765c",
          "title": "HTTP Requests",
          "fullFile": "",
          "file": "",
          "beforeHooks": [],
          "afterHooks": [],
          "tests": [
            {
              "title": "Get Call",
              "fullTitle": "HTTP Requests Get Call",
              "timedOut": null,
              "duration": 155,
              "state": "passed",
              "speed": "fast",
              "pass": true,
              "fail": false,
              "pending": false,
              "context": null,
              "code": "cy.request('GET', 'https://jsonplaceholder.typicode.com/posts/1').its('status').should('equal', 200);",
              "err": {},
              "uuid": "07e16566-1cfe-4312-ba80-45e4937e49b0",
              "parentUUID": "9915e428-e718-4124-a5df-6c319dd2765c",
              "isHook": false,
              "skipped": false
            },
            {
              "title": "Post Call",
              "fullTitle": "HTTP Requests Post Call",
              "timedOut": null,
              "duration": 148,
              "state": "passed",
              "speed": "fast",
              "pass": true,
              "fail": false,
              "pending": false,
              "context": null,
              "code": "cy.request({\n  method: 'POST',\n  url: 'https://jsonplaceholder.typicode.com/posts/',\n  body: {\n    title: \"Test post\",\n    body: \"This is a post call\",\n    userId: 1\n  }\n}).its('status').should('equal', 201);",
              "err": {},
              "uuid": "dcfb70cb-04c5-4357-85a8-4fc389099c86",
              "parentUUID": "9915e428-e718-4124-a5df-6c319dd2765c",
              "isHook": false,
              "skipped": false
            },
            {
              "title": "Put Call",
              "fullTitle": "HTTP Requests Put Call",
              "timedOut": null,
              "duration": 283,
              "state": "passed",
              "speed": "fast",
              "pass": true,
              "fail": false,
              "pending": false,
              "context": null,
              "code": "cy.request({\n  method: 'PUT',\n  url: 'https://jsonplaceholder.typicode.com/posts/1',\n  body: {\n    title: \"Test post - Updated\",\n    body: \"This is a put call\",\n    userId: 1,\n    id: 1\n  }\n}).its('status').should('equal', 200);",
              "err": {},
              "uuid": "3fd915ca-08ae-4d3a-9496-30f997ea2b25",
              "parentUUID": "9915e428-e718-4124-a5df-6c319dd2765c",
              "isHook": false,
              "skipped": false
            },
            {
              "title": "Delete Call",
              "fullTitle": "HTTP Requests Delete Call",
              "timedOut": null,
              "duration": 124,
              "state": "passed",
              "speed": "fast",
              "pass": true,
              "fail": false,
              "pending": false,
              "context": null,
              "code": "cy.request('DELETE', 'https://jsonplaceholder.typicode.com/posts/1')\n// cy.request({\n//     method: 'DELETE',\n//     url: 'https://jsonplaceholder.typicode.com/posts/1',\n// })\n.its('status').should('equal', 200);",
              "err": {},
              "uuid": "15ebac30-743f-4bb5-b64d-7f1f3d467cbc",
              "parentUUID": "9915e428-e718-4124-a5df-6c319dd2765c",
              "isHook": false,
              "skipped": false
            }
          ],
          "suites": [],
          "passes": [
            "07e16566-1cfe-4312-ba80-45e4937e49b0",
            "dcfb70cb-04c5-4357-85a8-4fc389099c86",
            "3fd915ca-08ae-4d3a-9496-30f997ea2b25",
            "15ebac30-743f-4bb5-b64d-7f1f3d467cbc"
          ],
          "failures": [],
          "pending": [],
          "skipped": [],
          "duration": 710,
          "root": false,
          "rootEmpty": false,
          "_timeout": 2000
        }
      ],
      "passes": [],
      "failures": [],
      "pending": [],
      "skipped": [],
      "duration": 0,
      "root": true,
      "rootEmpty": true,
      "_timeout": 2000
    }
  ],
  "meta": {
    "mocha": {
      "version": "7.0.1"
    },
    "mochawesome": {
      "options": {
        "quiet": false,
        "reportFilename": "mochawesome",
        "saveHtml": false,
        "saveJson": true,
        "consoleReporter": "spec",
        "useInlineDiffs": false,
        "code": true
      },
      "version": "7.1.3"
    },
    "marge": {
      "options": {
        "charts": true,
        "overwrite": false,
        "html": false,
        "json": true,
        "reportDir": "cypress/report"
      },
      "version": "6.2.0"
    }
  }
}