{
  "stats": {
    "suites": 0,
    "tests": 2,
    "passes": 2,
    "pending": 0,
    "failures": 0,
    "start": "2023-11-06T08:30:45.704Z",
    "end": "2023-11-06T08:30:49.796Z",
    "duration": 4092,
    "testsRegistered": 2,
    "passPercent": 100,
    "pendingPercent": 0,
    "other": 0,
    "hasOther": false,
    "skipped": 0,
    "hasSkipped": false
  },
  "results": [
    {
      "uuid": "25b21088-7031-4cb9-8025-ec4b6988c2af",
      "title": "",
      "fullFile": "cypress\\e2e\\fileuploaddownloaddemo.cy.js",
      "file": "cypress\\e2e\\fileuploaddownloaddemo.cy.js",
      "beforeHooks": [],
      "afterHooks": [],
      "tests": [
        {
          "title": "File Upload test",
          "fullTitle": "File Upload test",
          "timedOut": null,
          "duration": 512,
          "state": "passed",
          "speed": "fast",
          "pass": true,
          "fail": false,
          "pending": false,
          "context": null,
          "code": "cy.visit('https://trytestingthis.netlify.app/');\ncy.get('#myfile').attachFile('example.json'); //Le nom du fichier à uploader suffit s'il est dans le folder 'fixtures'",
          "err": {},
          "uuid": "3c7c551f-001e-447c-9100-9c2d29b0230c",
          "parentUUID": "25b21088-7031-4cb9-8025-ec4b6988c2af",
          "isHook": false,
          "skipped": false
        },
        {
          "title": "File Download test",
          "fullTitle": "File Download test",
          "timedOut": null,
          "duration": 241,
          "state": "passed",
          "speed": "fast",
          "pass": true,
          "fail": false,
          "pending": false,
          "context": null,
          "code": "cy.downloadFile('https://consort-group.com/wp-content/uploads/2023/06/Systeme-u-redimensionne.png', 'mydownloads', 'example.jpg');",
          "err": {},
          "uuid": "3cc53be5-6b2c-4b36-822f-a4c25c935cd7",
          "parentUUID": "25b21088-7031-4cb9-8025-ec4b6988c2af",
          "isHook": false,
          "skipped": false
        }
      ],
      "suites": [],
      "passes": [
        "3c7c551f-001e-447c-9100-9c2d29b0230c",
        "3cc53be5-6b2c-4b36-822f-a4c25c935cd7"
      ],
      "failures": [],
      "pending": [],
      "skipped": [],
      "duration": 753,
      "root": true,
      "rootEmpty": false,
      "_timeout": 2000
    }
  ],
  "meta": {
    "mocha": {
      "version": "7.0.1"
    },
    "mochawesome": {
      "options": {
        "quiet": false,
        "reportFilename": "mochawesome",
        "saveHtml": false,
        "saveJson": true,
        "consoleReporter": "spec",
        "useInlineDiffs": false,
        "code": true
      },
      "version": "7.1.3"
    },
    "marge": {
      "options": {
        "charts": true,
        "overwrite": false,
        "html": false,
        "json": true,
        "reportDir": "cypress/report"
      },
      "version": "6.2.0"
    }
  }
}