{
  "stats": {
    "suites": 0,
    "tests": 3,
    "passes": 3,
    "pending": 0,
    "failures": 0,
    "start": "2023-11-06T10:44:34.053Z",
    "end": "2023-11-06T10:44:34.304Z",
    "duration": 251,
    "testsRegistered": 3,
    "passPercent": 100,
    "pendingPercent": 0,
    "other": 0,
    "hasOther": false,
    "skipped": 0,
    "hasSkipped": false
  },
  "results": [
    {
      "uuid": "1ccebaf5-2138-41ae-b2b1-b22d7982b032",
      "title": "",
      "fullFile": "cypress\\e2e\\readwritefilesdemo.cy.js",
      "file": "cypress\\e2e\\readwritefilesdemo.cy.js",
      "beforeHooks": [],
      "afterHooks": [],
      "tests": [
        {
          "title": "Read Files using fixture",
          "fullTitle": "Read Files using fixture",
          "timedOut": null,
          "duration": 79,
          "state": "passed",
          "speed": "fast",
          "pass": true,
          "fail": false,
          "pending": false,
          "context": null,
          "code": "cy.fixture('example.json').then(data => {\n  cy.log(data.name);\n  cy.log(data.email);\n  cy.log(data.body);\n});\n// cy.log(this.test_data.name)",
          "err": {},
          "uuid": "ad87c8c1-f40d-4d4e-94f2-469531eb1e1f",
          "parentUUID": "1ccebaf5-2138-41ae-b2b1-b22d7982b032",
          "isHook": false,
          "skipped": false
        },
        {
          "title": "Read File using readFile",
          "fullTitle": "Read File using readFile",
          "timedOut": null,
          "duration": 54,
          "state": "passed",
          "speed": "fast",
          "pass": true,
          "fail": false,
          "pending": false,
          "context": null,
          "code": "cy.readFile('./cypress/fixtures/example.json').then(data => {\n  cy.log(data.name);\n  cy.log(data.email);\n  cy.log(data.body);\n});",
          "err": {},
          "uuid": "85da18df-e1c8-46a8-b5c6-a8e857b8c5d8",
          "parentUUID": "1ccebaf5-2138-41ae-b2b1-b22d7982b032",
          "isHook": false,
          "skipped": false
        },
        {
          "title": "Write File demo",
          "fullTitle": "Write File demo",
          "timedOut": null,
          "duration": 39,
          "state": "passed",
          "speed": "fast",
          "pass": true,
          "fail": false,
          "pending": false,
          "context": null,
          "code": "cy.writeFile('sample.txt', 'Hello, I am David !\\n');\ncy.writeFile('sample.txt', 'I am learning Cypress !', {\n  flag: 'a+'\n});",
          "err": {},
          "uuid": "032cf69c-6eba-443d-9a70-eb1f63eff994",
          "parentUUID": "1ccebaf5-2138-41ae-b2b1-b22d7982b032",
          "isHook": false,
          "skipped": false
        }
      ],
      "suites": [],
      "passes": [
        "ad87c8c1-f40d-4d4e-94f2-469531eb1e1f",
        "85da18df-e1c8-46a8-b5c6-a8e857b8c5d8",
        "032cf69c-6eba-443d-9a70-eb1f63eff994"
      ],
      "failures": [],
      "pending": [],
      "skipped": [],
      "duration": 172,
      "root": true,
      "rootEmpty": false,
      "_timeout": 2000
    }
  ],
  "meta": {
    "mocha": {
      "version": "7.0.1"
    },
    "mochawesome": {
      "options": {
        "quiet": false,
        "reportFilename": "mochawesome",
        "saveHtml": false,
        "saveJson": true,
        "consoleReporter": "spec",
        "useInlineDiffs": false,
        "code": true
      },
      "version": "7.1.3"
    },
    "marge": {
      "options": {
        "charts": true,
        "overwrite": false,
        "html": false,
        "json": true,
        "reportDir": "cypress/report"
      },
      "version": "6.2.0"
    }
  }
}