{
  "stats": {
    "suites": 1,
    "tests": 2,
    "passes": 2,
    "pending": 0,
    "failures": 0,
    "start": "2023-11-09T07:59:16.030Z",
    "end": "2023-11-09T07:59:24.985Z",
    "duration": 8955,
    "testsRegistered": 2,
    "passPercent": 100,
    "pendingPercent": 0,
    "other": 0,
    "hasOther": false,
    "skipped": 0,
    "hasSkipped": false
  },
  "results": [
    {
      "uuid": "f788b9d6-578f-4bc8-bf17-d103b458a84d",
      "title": "",
      "fullFile": "cypress\\e2e\\pomDemo.cy.js",
      "file": "cypress\\e2e\\pomDemo.cy.js",
      "beforeHooks": [],
      "afterHooks": [],
      "tests": [],
      "suites": [
        {
          "uuid": "44695fd9-bd32-4118-98d0-6a05add3f87d",
          "title": "All Login Tests",
          "fullFile": "",
          "file": "",
          "beforeHooks": [],
          "afterHooks": [],
          "tests": [
            {
              "title": "Login with valid credentials and Leave - POM",
              "fullTitle": "All Login Tests Login with valid credentials and Leave - POM",
              "timedOut": null,
              "duration": 4601,
              "state": "passed",
              "speed": "fast",
              "pass": true,
              "fail": false,
              "pending": false,
              "context": null,
              "code": "loginPage.enterUsername('Admin');\nloginPage.enterPassword('admin123');\nloginPage.clickLogin();\nhomePage.Leave();",
              "err": {},
              "uuid": "cf616046-5541-4063-b630-b80ad2d8bca1",
              "parentUUID": "44695fd9-bd32-4118-98d0-6a05add3f87d",
              "isHook": false,
              "skipped": false
            },
            {
              "title": "Login with invalid credentials - POM",
              "fullTitle": "All Login Tests Login with invalid credentials - POM",
              "timedOut": null,
              "duration": 1972,
              "state": "passed",
              "speed": "fast",
              "pass": true,
              "fail": false,
              "pending": false,
              "context": null,
              "code": "loginPage.enterUsername('Admin111');\nloginPage.enterPassword('admi23');\nloginPage.clickLogin();\nloginPage.checkInvalidCredentialsErrorMessage();",
              "err": {},
              "uuid": "05d64add-ef47-4ad9-b6d6-f77fe6c7830c",
              "parentUUID": "44695fd9-bd32-4118-98d0-6a05add3f87d",
              "isHook": false,
              "skipped": false
            }
          ],
          "suites": [],
          "passes": [
            "cf616046-5541-4063-b630-b80ad2d8bca1",
            "05d64add-ef47-4ad9-b6d6-f77fe6c7830c"
          ],
          "failures": [],
          "pending": [],
          "skipped": [],
          "duration": 6573,
          "root": false,
          "rootEmpty": false,
          "_timeout": 2000
        }
      ],
      "passes": [],
      "failures": [],
      "pending": [],
      "skipped": [],
      "duration": 0,
      "root": true,
      "rootEmpty": true,
      "_timeout": 2000
    }
  ],
  "meta": {
    "mocha": {
      "version": "7.0.1"
    },
    "mochawesome": {
      "options": {
        "quiet": false,
        "reportFilename": "mochawesome",
        "saveHtml": false,
        "saveJson": true,
        "consoleReporter": "spec",
        "useInlineDiffs": false,
        "code": true
      },
      "version": "7.1.3"
    },
    "marge": {
      "options": {
        "charts": true,
        "overwrite": false,
        "html": false,
        "json": true,
        "reportDir": "cypress/report"
      },
      "version": "6.2.0"
    }
  }
}