{
  "stats": {
    "suites": 1,
    "tests": 1,
    "passes": 1,
    "pending": 0,
    "failures": 0,
    "start": "2023-11-06T10:45:02.663Z",
    "end": "2023-11-06T10:45:03.409Z",
    "duration": 746,
    "testsRegistered": 1,
    "passPercent": 100,
    "pendingPercent": 0,
    "other": 0,
    "hasOther": false,
    "skipped": 0,
    "hasSkipped": false
  },
  "results": [
    {
      "uuid": "eb266eae-c3f1-43cf-90c8-e6fccd7517d6",
      "title": "",
      "fullFile": "cypress\\e2e\\ApiTesting\\ParsingXMLResponse.cy.js",
      "file": "cypress\\e2e\\ApiTesting\\ParsingXMLResponse.cy.js",
      "beforeHooks": [],
      "afterHooks": [],
      "tests": [],
      "suites": [
        {
          "uuid": "1cc5a600-7267-447b-be13-fa0918fd903c",
          "title": "XML Parsing",
          "fullFile": "",
          "file": "",
          "beforeHooks": [],
          "afterHooks": [],
          "tests": [
            {
              "title": "Get new Pet details",
              "fullTitle": "XML Parsing Get new Pet details",
              "timedOut": null,
              "duration": 706,
              "state": "passed",
              "speed": "fast",
              "pass": true,
              "fail": false,
              "pending": false,
              "context": null,
              "code": "cy.request({\n  method: 'GET',\n  url: 'https://petstore.swagger.io/v2/pet/' + petId,\n  headers: {\n    'Accept': \"application/xml\"\n  }\n}).then(response => {\n  expect(response.status).to.eq(200);\n  parser.parseString(response.body, (err, result) => {\n    expect(result.Pet.id).to.eq(petId);\n    expect(result.Pet.name).to.eq('doggie');\n  });\n});",
              "err": {},
              "uuid": "b43d13f5-978e-465c-bd9d-37e075e52a48",
              "parentUUID": "1cc5a600-7267-447b-be13-fa0918fd903c",
              "isHook": false,
              "skipped": false
            }
          ],
          "suites": [],
          "passes": [
            "b43d13f5-978e-465c-bd9d-37e075e52a48"
          ],
          "failures": [],
          "pending": [],
          "skipped": [],
          "duration": 706,
          "root": false,
          "rootEmpty": false,
          "_timeout": 2000
        }
      ],
      "passes": [],
      "failures": [],
      "pending": [],
      "skipped": [],
      "duration": 0,
      "root": true,
      "rootEmpty": true,
      "_timeout": 2000
    }
  ],
  "meta": {
    "mocha": {
      "version": "7.0.1"
    },
    "mochawesome": {
      "options": {
        "quiet": false,
        "reportFilename": "mochawesome",
        "saveHtml": false,
        "saveJson": true,
        "consoleReporter": "spec",
        "useInlineDiffs": false,
        "code": true
      },
      "version": "7.1.3"
    },
    "marge": {
      "options": {
        "charts": true,
        "overwrite": false,
        "html": false,
        "json": true,
        "reportDir": "cypress/report"
      },
      "version": "6.2.0"
    }
  }
}