{
  "stats": {
    "suites": 0,
    "tests": 1,
    "passes": 1,
    "pending": 0,
    "failures": 0,
    "start": "2023-11-06T10:44:13.351Z",
    "end": "2023-11-06T10:44:16.307Z",
    "duration": 2956,
    "testsRegistered": 1,
    "passPercent": 100,
    "pendingPercent": 0,
    "other": 0,
    "hasOther": false,
    "skipped": 0,
    "hasSkipped": false
  },
  "results": [
    {
      "uuid": "d4a58a0e-5302-4909-a7c0-6fd9cfc6759f",
      "title": "",
      "fullFile": "cypress\\e2e\\assertionsdemo.cy.js",
      "file": "cypress\\e2e\\assertionsdemo.cy.js",
      "beforeHooks": [],
      "afterHooks": [],
      "tests": [
        {
          "title": "Assertions Demo",
          "fullTitle": "Assertions Demo",
          "timedOut": null,
          "duration": 830,
          "state": "passed",
          "speed": "fast",
          "pass": true,
          "fail": false,
          "pending": false,
          "context": null,
          "code": "cy.visit('https://example.cypress.io');\ncy.contains('get').click();\n// implicit assertions ('should', 'and'):\ncy.get('#query-btn').should('contain', 'Button').and('have.class', 'query-btn').and('be.visible').and('be.not.disabled').and('be.enabled');\n// explicit assertions ('expect', 'assert'):\nexpect(true).to.be.true;\nlet myName = 'Nowak';\nexpect(myName).to.be.equal('Nowak');\nassert.equal(4, '4', 'NOT EQUAL');\n// assert.strictEqual(4, '4', 'NOT EQUAL')\nassert.isNumber(4);\n// assert.isNumber('4')",
          "err": {},
          "uuid": "8e95e79e-433f-46a7-9300-d38992d5290d",
          "parentUUID": "d4a58a0e-5302-4909-a7c0-6fd9cfc6759f",
          "isHook": false,
          "skipped": false
        }
      ],
      "suites": [],
      "passes": [
        "8e95e79e-433f-46a7-9300-d38992d5290d"
      ],
      "failures": [],
      "pending": [],
      "skipped": [],
      "duration": 830,
      "root": true,
      "rootEmpty": false,
      "_timeout": 2000
    }
  ],
  "meta": {
    "mocha": {
      "version": "7.0.1"
    },
    "mochawesome": {
      "options": {
        "quiet": false,
        "reportFilename": "mochawesome",
        "saveHtml": false,
        "saveJson": true,
        "consoleReporter": "spec",
        "useInlineDiffs": false,
        "code": true
      },
      "version": "7.1.3"
    },
    "marge": {
      "options": {
        "charts": true,
        "overwrite": false,
        "html": false,
        "json": true,
        "reportDir": "cypress/report"
      },
      "version": "6.2.0"
    }
  }
}