{
  "stats": {
    "suites": 1,
    "tests": 4,
    "passes": 4,
    "pending": 0,
    "failures": 0,
    "start": "2023-11-03T15:52:50.999Z",
    "end": "2023-11-03T15:52:52.065Z",
    "duration": 1066,
    "testsRegistered": 4,
    "passPercent": 100,
    "pendingPercent": 0,
    "other": 0,
    "hasOther": false,
    "skipped": 0,
    "hasSkipped": false
  },
  "results": [
    {
      "uuid": "ce27a036-3efb-4272-9a6c-2582b6745354",
      "title": "",
      "fullFile": "cypress\\e2e\\ApiTesting\\HttpRequests.cy.js",
      "file": "cypress\\e2e\\ApiTesting\\HttpRequests.cy.js",
      "beforeHooks": [],
      "afterHooks": [],
      "tests": [],
      "suites": [
        {
          "uuid": "2b71388f-3a1f-430f-a7ec-01ae0a0fc8ff",
          "title": "HTTP Requests",
          "fullFile": "",
          "file": "",
          "beforeHooks": [],
          "afterHooks": [],
          "tests": [
            {
              "title": "Get Call",
              "fullTitle": "HTTP Requests Get Call",
              "timedOut": null,
              "duration": 144,
              "state": "passed",
              "speed": "fast",
              "pass": true,
              "fail": false,
              "pending": false,
              "context": null,
              "code": "cy.request('GET', 'https://jsonplaceholder.typicode.com/posts/1').its('status').should('equal', 200);",
              "err": {},
              "uuid": "e2893279-4e02-4c78-a3cd-26e2cbf7bf52",
              "parentUUID": "2b71388f-3a1f-430f-a7ec-01ae0a0fc8ff",
              "isHook": false,
              "skipped": false
            },
            {
              "title": "Post Call",
              "fullTitle": "HTTP Requests Post Call",
              "timedOut": null,
              "duration": 295,
              "state": "passed",
              "speed": "fast",
              "pass": true,
              "fail": false,
              "pending": false,
              "context": null,
              "code": "cy.request({\n  method: 'POST',\n  url: 'https://jsonplaceholder.typicode.com/posts/',\n  body: {\n    title: \"Test post\",\n    body: \"This is a post call\",\n    userId: 1\n  }\n}).its('status').should('equal', 201);",
              "err": {},
              "uuid": "abdcb54f-82ec-4238-be1b-2112e69446d7",
              "parentUUID": "2b71388f-3a1f-430f-a7ec-01ae0a0fc8ff",
              "isHook": false,
              "skipped": false
            },
            {
              "title": "Put Call",
              "fullTitle": "HTTP Requests Put Call",
              "timedOut": null,
              "duration": 311,
              "state": "passed",
              "speed": "fast",
              "pass": true,
              "fail": false,
              "pending": false,
              "context": null,
              "code": "cy.request({\n  method: 'PUT',\n  url: 'https://jsonplaceholder.typicode.com/posts/1',\n  body: {\n    title: \"Test post - Updated\",\n    body: \"This is a put call\",\n    userId: 1,\n    id: 1\n  }\n}).its('status').should('equal', 200);",
              "err": {},
              "uuid": "30dbbf77-e615-47ec-af2e-2240b51bae22",
              "parentUUID": "2b71388f-3a1f-430f-a7ec-01ae0a0fc8ff",
              "isHook": false,
              "skipped": false
            },
            {
              "title": "Delete Call",
              "fullTitle": "HTTP Requests Delete Call",
              "timedOut": null,
              "duration": 157,
              "state": "passed",
              "speed": "fast",
              "pass": true,
              "fail": false,
              "pending": false,
              "context": null,
              "code": "cy.request('DELETE', 'https://jsonplaceholder.typicode.com/posts/1')\n// cy.request({\n//     method: 'DELETE',\n//     url: 'https://jsonplaceholder.typicode.com/posts/1',\n// })\n.its('status').should('equal', 200);",
              "err": {},
              "uuid": "0a6100be-6719-4c1e-9243-9feaf64e3838",
              "parentUUID": "2b71388f-3a1f-430f-a7ec-01ae0a0fc8ff",
              "isHook": false,
              "skipped": false
            }
          ],
          "suites": [],
          "passes": [
            "e2893279-4e02-4c78-a3cd-26e2cbf7bf52",
            "abdcb54f-82ec-4238-be1b-2112e69446d7",
            "30dbbf77-e615-47ec-af2e-2240b51bae22",
            "0a6100be-6719-4c1e-9243-9feaf64e3838"
          ],
          "failures": [],
          "pending": [],
          "skipped": [],
          "duration": 907,
          "root": false,
          "rootEmpty": false,
          "_timeout": 2000
        }
      ],
      "passes": [],
      "failures": [],
      "pending": [],
      "skipped": [],
      "duration": 0,
      "root": true,
      "rootEmpty": true,
      "_timeout": 2000
    }
  ],
  "meta": {
    "mocha": {
      "version": "7.0.1"
    },
    "mochawesome": {
      "options": {
        "quiet": false,
        "reportFilename": "mochawesome",
        "saveHtml": true,
        "saveJson": true,
        "consoleReporter": "spec",
        "useInlineDiffs": false,
        "code": true
      },
      "version": "7.1.3"
    },
    "marge": {
      "options": {
        "charts": true,
        "overwrite": false,
        "html": true,
        "json": true,
        "reportDir": "cypress/report"
      },
      "version": "6.2.0"
    }
  }
}