{
  "stats": {
    "suites": 1,
    "tests": 2,
    "passes": 2,
    "pending": 0,
    "failures": 0,
    "start": "2023-11-06T10:44:24.036Z",
    "end": "2023-11-06T10:44:32.257Z",
    "duration": 8221,
    "testsRegistered": 2,
    "passPercent": 100,
    "pendingPercent": 0,
    "other": 0,
    "hasOther": false,
    "skipped": 0,
    "hasSkipped": false
  },
  "results": [
    {
      "uuid": "c0542ffa-2fc9-4c1a-894f-1a18ca6d23f0",
      "title": "",
      "fullFile": "cypress\\e2e\\pomDemo.cy.js",
      "file": "cypress\\e2e\\pomDemo.cy.js",
      "beforeHooks": [],
      "afterHooks": [],
      "tests": [],
      "suites": [
        {
          "uuid": "5f33bfdc-9bc5-451b-9364-c5b9a7b0a516",
          "title": "All Login Tests",
          "fullFile": "",
          "file": "",
          "beforeHooks": [],
          "afterHooks": [],
          "tests": [
            {
              "title": "Login with valid credentials and Leave - POM",
              "fullTitle": "All Login Tests Login with valid credentials and Leave - POM",
              "timedOut": null,
              "duration": 4346,
              "state": "passed",
              "speed": "fast",
              "pass": true,
              "fail": false,
              "pending": false,
              "context": null,
              "code": "loginPage.enterUsername('Admin');\nloginPage.enterPassword('admin123');\nloginPage.clickLogin();\nhomePage.Leave();",
              "err": {},
              "uuid": "80604d09-391a-41ad-a238-7d7e9f376e6d",
              "parentUUID": "5f33bfdc-9bc5-451b-9364-c5b9a7b0a516",
              "isHook": false,
              "skipped": false
            },
            {
              "title": "Login with invalid credentials - POM",
              "fullTitle": "All Login Tests Login with invalid credentials - POM",
              "timedOut": null,
              "duration": 1623,
              "state": "passed",
              "speed": "fast",
              "pass": true,
              "fail": false,
              "pending": false,
              "context": null,
              "code": "loginPage.enterUsername('Admin111');\nloginPage.enterPassword('admi23');\nloginPage.clickLogin();\nloginPage.checkInvalidCredentialsErrorMessage();",
              "err": {},
              "uuid": "7635431c-1123-4e92-a5f6-44d7bfd693bc",
              "parentUUID": "5f33bfdc-9bc5-451b-9364-c5b9a7b0a516",
              "isHook": false,
              "skipped": false
            }
          ],
          "suites": [],
          "passes": [
            "80604d09-391a-41ad-a238-7d7e9f376e6d",
            "7635431c-1123-4e92-a5f6-44d7bfd693bc"
          ],
          "failures": [],
          "pending": [],
          "skipped": [],
          "duration": 5969,
          "root": false,
          "rootEmpty": false,
          "_timeout": 2000
        }
      ],
      "passes": [],
      "failures": [],
      "pending": [],
      "skipped": [],
      "duration": 0,
      "root": true,
      "rootEmpty": true,
      "_timeout": 2000
    }
  ],
  "meta": {
    "mocha": {
      "version": "7.0.1"
    },
    "mochawesome": {
      "options": {
        "quiet": false,
        "reportFilename": "mochawesome",
        "saveHtml": false,
        "saveJson": true,
        "consoleReporter": "spec",
        "useInlineDiffs": false,
        "code": true
      },
      "version": "7.1.3"
    },
    "marge": {
      "options": {
        "charts": true,
        "overwrite": false,
        "html": false,
        "json": true,
        "reportDir": "cypress/report"
      },
      "version": "6.2.0"
    }
  }
}