{
  "stats": {
    "suites": 0,
    "tests": 3,
    "passes": 3,
    "pending": 0,
    "failures": 0,
    "start": "2023-11-09T07:59:27.195Z",
    "end": "2023-11-09T07:59:27.478Z",
    "duration": 283,
    "testsRegistered": 3,
    "passPercent": 100,
    "pendingPercent": 0,
    "other": 0,
    "hasOther": false,
    "skipped": 0,
    "hasSkipped": false
  },
  "results": [
    {
      "uuid": "4b25706e-7fd2-4c74-9b46-ece45b7e7f82",
      "title": "",
      "fullFile": "cypress\\e2e\\readwritefilesdemo.cy.js",
      "file": "cypress\\e2e\\readwritefilesdemo.cy.js",
      "beforeHooks": [],
      "afterHooks": [],
      "tests": [
        {
          "title": "Read Files using fixture",
          "fullTitle": "Read Files using fixture",
          "timedOut": null,
          "duration": 85,
          "state": "passed",
          "speed": "fast",
          "pass": true,
          "fail": false,
          "pending": false,
          "context": null,
          "code": "cy.fixture('example.json').then(data => {\n  cy.log(data.name);\n  cy.log(data.email);\n  cy.log(data.body);\n});\n// cy.log(this.test_data.name)",
          "err": {},
          "uuid": "fad105b6-2507-4797-8be7-9bc5ffe29d02",
          "parentUUID": "4b25706e-7fd2-4c74-9b46-ece45b7e7f82",
          "isHook": false,
          "skipped": false
        },
        {
          "title": "Read File using readFile",
          "fullTitle": "Read File using readFile",
          "timedOut": null,
          "duration": 62,
          "state": "passed",
          "speed": "fast",
          "pass": true,
          "fail": false,
          "pending": false,
          "context": null,
          "code": "cy.readFile('./cypress/fixtures/example.json').then(data => {\n  cy.log(data.name);\n  cy.log(data.email);\n  cy.log(data.body);\n});",
          "err": {},
          "uuid": "6d7a266c-4db5-409d-bfe8-f5f7d97fb128",
          "parentUUID": "4b25706e-7fd2-4c74-9b46-ece45b7e7f82",
          "isHook": false,
          "skipped": false
        },
        {
          "title": "Write File demo",
          "fullTitle": "Write File demo",
          "timedOut": null,
          "duration": 42,
          "state": "passed",
          "speed": "fast",
          "pass": true,
          "fail": false,
          "pending": false,
          "context": null,
          "code": "cy.writeFile('sample.txt', 'Hello, I am David !\\n');\ncy.writeFile('sample.txt', 'I am learning Cypress !', {\n  flag: 'a+'\n});",
          "err": {},
          "uuid": "29e4d4e8-8ae5-4feb-a63f-ad6629954f23",
          "parentUUID": "4b25706e-7fd2-4c74-9b46-ece45b7e7f82",
          "isHook": false,
          "skipped": false
        }
      ],
      "suites": [],
      "passes": [
        "fad105b6-2507-4797-8be7-9bc5ffe29d02",
        "6d7a266c-4db5-409d-bfe8-f5f7d97fb128",
        "29e4d4e8-8ae5-4feb-a63f-ad6629954f23"
      ],
      "failures": [],
      "pending": [],
      "skipped": [],
      "duration": 189,
      "root": true,
      "rootEmpty": false,
      "_timeout": 2000
    }
  ],
  "meta": {
    "mocha": {
      "version": "7.0.1"
    },
    "mochawesome": {
      "options": {
        "quiet": false,
        "reportFilename": "mochawesome",
        "saveHtml": false,
        "saveJson": true,
        "consoleReporter": "spec",
        "useInlineDiffs": false,
        "code": true
      },
      "version": "7.1.3"
    },
    "marge": {
      "options": {
        "charts": true,
        "overwrite": false,
        "html": false,
        "json": true,
        "reportDir": "cypress/report"
      },
      "version": "6.2.0"
    }
  }
}