{
  "stats": {
    "suites": 1,
    "tests": 1,
    "passes": 1,
    "pending": 0,
    "failures": 0,
    "start": "2023-11-09T07:59:53.434Z",
    "end": "2023-11-09T07:59:53.669Z",
    "duration": 235,
    "testsRegistered": 1,
    "passPercent": 100,
    "pendingPercent": 0,
    "other": 0,
    "hasOther": false,
    "skipped": 0,
    "hasSkipped": false
  },
  "results": [
    {
      "uuid": "ed4b076d-a452-437e-8833-b1f58b736f7d",
      "title": "",
      "fullFile": "cypress\\e2e\\ApiTesting\\ParsingJsonResponse.cy.js",
      "file": "cypress\\e2e\\ApiTesting\\ParsingJsonResponse.cy.js",
      "beforeHooks": [],
      "afterHooks": [],
      "tests": [],
      "suites": [
        {
          "uuid": "dbae58f0-a3c3-4d95-839d-c906becf0207",
          "title": "Parsing Json Response",
          "fullFile": "",
          "file": "",
          "beforeHooks": [],
          "afterHooks": [],
          "tests": [
            {
              "title": "Parsing complex JSON response",
              "fullTitle": "Parsing Json Response Parsing complex JSON response",
              "timedOut": null,
              "duration": 194,
              "state": "passed",
              "speed": "fast",
              "pass": true,
              "fail": false,
              "pending": false,
              "context": null,
              "code": "let totalprice = 0;\ncy.request({\n  method: 'GET',\n  url: \"https://fakestoreapi.com/products\",\n  qs: {\n    limit: 5\n  }\n}).then(response => {\n  expect(response.status).to.eq(200);\n  response.body.forEach(element => {\n    totalprice = totalprice + element.price;\n  });\n  expect(totalprice).to.eq(899.23);\n});",
              "err": {},
              "uuid": "5552aa98-5209-46a7-88aa-41d396f2f6ec",
              "parentUUID": "dbae58f0-a3c3-4d95-839d-c906becf0207",
              "isHook": false,
              "skipped": false
            }
          ],
          "suites": [],
          "passes": [
            "5552aa98-5209-46a7-88aa-41d396f2f6ec"
          ],
          "failures": [],
          "pending": [],
          "skipped": [],
          "duration": 194,
          "root": false,
          "rootEmpty": false,
          "_timeout": 2000
        }
      ],
      "passes": [],
      "failures": [],
      "pending": [],
      "skipped": [],
      "duration": 0,
      "root": true,
      "rootEmpty": true,
      "_timeout": 2000
    }
  ],
  "meta": {
    "mocha": {
      "version": "7.0.1"
    },
    "mochawesome": {
      "options": {
        "quiet": false,
        "reportFilename": "mochawesome",
        "saveHtml": false,
        "saveJson": true,
        "consoleReporter": "spec",
        "useInlineDiffs": false,
        "code": true
      },
      "version": "7.1.3"
    },
    "marge": {
      "options": {
        "charts": true,
        "overwrite": false,
        "html": false,
        "json": true,
        "reportDir": "cypress/report"
      },
      "version": "6.2.0"
    }
  }
}