{
  "stats": {
    "suites": 1,
    "tests": 2,
    "passes": 2,
    "pending": 0,
    "failures": 0,
    "start": "2023-11-06T10:45:05.417Z",
    "end": "2023-11-06T10:45:06.401Z",
    "duration": 984,
    "testsRegistered": 2,
    "passPercent": 100,
    "pendingPercent": 0,
    "other": 0,
    "hasOther": false,
    "skipped": 0,
    "hasSkipped": false
  },
  "results": [
    {
      "uuid": "4e574be9-cddd-464e-8ae8-22e33343bc4a",
      "title": "",
      "fullFile": "cypress\\e2e\\ApiTesting\\PostCalls.cy.js",
      "file": "cypress\\e2e\\ApiTesting\\PostCalls.cy.js",
      "beforeHooks": [],
      "afterHooks": [],
      "tests": [],
      "suites": [
        {
          "uuid": "cea82d44-eca7-46bf-aa75-08460239dd96",
          "title": "API Testing",
          "fullFile": "",
          "file": "",
          "beforeHooks": [],
          "afterHooks": [],
          "tests": [
            {
              "title": "Approach2 - Dynamically Generated Json Object",
              "fullTitle": "API Testing Approach2 - Dynamically Generated Json Object",
              "timedOut": null,
              "duration": 649,
              "state": "passed",
              "speed": "fast",
              "pass": true,
              "fail": false,
              "pending": false,
              "context": null,
              "code": "const requestBody = {\n  tourist_name: Math.random().toString(5).substring(2),\n  tourist_email: Math.random().toString(5).substring(2) + \"@yopmail.com\",\n  tourist_location: \"Fretin\"\n};\ncy.request({\n  method: 'POST',\n  url: 'http://restapi.adequateshop.com/api/Tourist/',\n  body: requestBody\n}).then(response => {\n  expect(response.status).to.eq(201);\n  expect(response.body.tourist_name).to.eq(requestBody.tourist_name);\n  expect(response.body.tourist_email).to.eq(requestBody.tourist_email);\n  expect(response.body.tourist_location).to.eq(requestBody.tourist_location);\n});",
              "err": {},
              "uuid": "794ef033-a2ce-4ce8-9244-291c4afbef80",
              "parentUUID": "cea82d44-eca7-46bf-aa75-08460239dd96",
              "isHook": false,
              "skipped": false
            },
            {
              "title": "Approach3 - Dynamically Generated Json Object",
              "fullTitle": "API Testing Approach3 - Dynamically Generated Json Object",
              "timedOut": null,
              "duration": 266,
              "state": "passed",
              "speed": "fast",
              "pass": true,
              "fail": false,
              "pending": false,
              "context": null,
              "code": "cy.fixture('tourist').then(myFixtureData => {\n  const requestBody = myFixtureData;\n  cy.request({\n    method: 'POST',\n    url: 'http://restapi.adequateshop.com/api/Tourist/',\n    body: requestBody\n  }).then(response => {\n    expect(response.status).to.eq(201);\n    expect(response.body.tourist_name).to.eq(requestBody.tourist_name);\n    expect(response.body.tourist_email).to.eq(requestBody.tourist_email);\n    expect(response.body.tourist_location).to.eq(requestBody.tourist_location);\n    expect(response.body).has.property('tourist_name', requestBody.tourist_name);\n    expect(response.body).has.property('tourist_email', requestBody.tourist_email);\n    expect(response.body).has.property('tourist_location', requestBody.tourist_location);\n  });\n});",
              "err": {},
              "uuid": "020d1b5d-aaa0-46b6-bd20-66d21efd4dfc",
              "parentUUID": "cea82d44-eca7-46bf-aa75-08460239dd96",
              "isHook": false,
              "skipped": false
            }
          ],
          "suites": [],
          "passes": [
            "794ef033-a2ce-4ce8-9244-291c4afbef80",
            "020d1b5d-aaa0-46b6-bd20-66d21efd4dfc"
          ],
          "failures": [],
          "pending": [],
          "skipped": [],
          "duration": 915,
          "root": false,
          "rootEmpty": false,
          "_timeout": 2000
        }
      ],
      "passes": [],
      "failures": [],
      "pending": [],
      "skipped": [],
      "duration": 0,
      "root": true,
      "rootEmpty": true,
      "_timeout": 2000
    }
  ],
  "meta": {
    "mocha": {
      "version": "7.0.1"
    },
    "mochawesome": {
      "options": {
        "quiet": false,
        "reportFilename": "mochawesome",
        "saveHtml": false,
        "saveJson": true,
        "consoleReporter": "spec",
        "useInlineDiffs": false,
        "code": true
      },
      "version": "7.1.3"
    },
    "marge": {
      "options": {
        "charts": true,
        "overwrite": false,
        "html": false,
        "json": true,
        "reportDir": "cypress/report"
      },
      "version": "6.2.0"
    }
  }
}