{
  "stats": {
    "suites": 1,
    "tests": 2,
    "passes": 2,
    "pending": 0,
    "failures": 0,
    "start": "2023-11-06T10:44:47.359Z",
    "end": "2023-11-06T10:44:48.435Z",
    "duration": 1076,
    "testsRegistered": 2,
    "passPercent": 100,
    "pendingPercent": 0,
    "other": 0,
    "hasOther": false,
    "skipped": 0,
    "hasSkipped": false
  },
  "results": [
    {
      "uuid": "468d08a4-0e53-4671-9f5d-f7932c2ae9d7",
      "title": "",
      "fullFile": "cypress\\e2e\\ApiTesting\\AuthenticationTypes.cy.js",
      "file": "cypress\\e2e\\ApiTesting\\AuthenticationTypes.cy.js",
      "beforeHooks": [],
      "afterHooks": [],
      "tests": [],
      "suites": [
        {
          "uuid": "b4eecb6d-ebe8-400c-b1aa-c67499bfea1d",
          "title": "Different types of Authentication",
          "fullFile": "",
          "file": "",
          "beforeHooks": [],
          "afterHooks": [],
          "tests": [
            {
              "title": "Basic Authentication",
              "fullTitle": "Different types of Authentication Basic Authentication",
              "timedOut": null,
              "duration": 877,
              "state": "passed",
              "speed": "fast",
              "pass": true,
              "fail": false,
              "pending": false,
              "context": null,
              "code": "cy.request({\n  method: 'GET',\n  url: 'https://postman-echo.com/basic-auth',\n  auth: {\n    user: 'postman',\n    pass: 'password'\n  }\n}).then(response => {\n  expect(response.status).to.eq(200);\n  expect(response.body.authenticated).to.be.true;\n});",
              "err": {},
              "uuid": "07fcee31-758f-4c92-9f05-f05ffa97e531",
              "parentUUID": "b4eecb6d-ebe8-400c-b1aa-c67499bfea1d",
              "isHook": false,
              "skipped": false
            },
            {
              "title": "Digest Authentication",
              "fullTitle": "Different types of Authentication Digest Authentication",
              "timedOut": null,
              "duration": 138,
              "state": "passed",
              "speed": "fast",
              "pass": true,
              "fail": false,
              "pending": false,
              "context": null,
              "code": "cy.request({\n  method: 'GET',\n  url: 'https://postman-echo.com/basic-auth',\n  auth: {\n    username: 'postman',\n    password: 'password',\n    method: 'digest'\n  }\n}).then(response => {\n  expect(response.status).to.eq(200);\n  expect(response.body.authenticated).to.be.true;\n});",
              "err": {},
              "uuid": "d47810d0-b095-4595-bd79-38d8ed77a6c7",
              "parentUUID": "b4eecb6d-ebe8-400c-b1aa-c67499bfea1d",
              "isHook": false,
              "skipped": false
            }
          ],
          "suites": [],
          "passes": [
            "07fcee31-758f-4c92-9f05-f05ffa97e531",
            "d47810d0-b095-4595-bd79-38d8ed77a6c7"
          ],
          "failures": [],
          "pending": [],
          "skipped": [],
          "duration": 1015,
          "root": false,
          "rootEmpty": false,
          "_timeout": 2000
        }
      ],
      "passes": [],
      "failures": [],
      "pending": [],
      "skipped": [],
      "duration": 0,
      "root": true,
      "rootEmpty": true,
      "_timeout": 2000
    }
  ],
  "meta": {
    "mocha": {
      "version": "7.0.1"
    },
    "mochawesome": {
      "options": {
        "quiet": false,
        "reportFilename": "mochawesome",
        "saveHtml": false,
        "saveJson": true,
        "consoleReporter": "spec",
        "useInlineDiffs": false,
        "code": true
      },
      "version": "7.1.3"
    },
    "marge": {
      "options": {
        "charts": true,
        "overwrite": false,
        "html": false,
        "json": true,
        "reportDir": "cypress/report"
      },
      "version": "6.2.0"
    }
  }
}