{
  "stats": {
    "suites": 1,
    "tests": 2,
    "passes": 1,
    "pending": 1,
    "failures": 0,
    "start": "2023-11-06T08:31:56.430Z",
    "end": "2023-11-06T08:31:57.789Z",
    "duration": 1359,
    "testsRegistered": 2,
    "passPercent": 100,
    "pendingPercent": 50,
    "other": 0,
    "hasOther": false,
    "skipped": 0,
    "hasSkipped": false
  },
  "results": [
    {
      "uuid": "7117d67d-1d33-4254-82a0-1d69b644a3b0",
      "title": "",
      "fullFile": "cypress\\e2e\\ApiTesting\\PostCalls.cy.js",
      "file": "cypress\\e2e\\ApiTesting\\PostCalls.cy.js",
      "beforeHooks": [],
      "afterHooks": [],
      "tests": [],
      "suites": [
        {
          "uuid": "311ecbb9-418e-4eeb-a4cb-a0c52c4318b7",
          "title": "API Testing",
          "fullFile": "",
          "file": "",
          "beforeHooks": [],
          "afterHooks": [],
          "tests": [
            {
              "title": "Approach2 - Dynamically Generated Json Object",
              "fullTitle": "API Testing Approach2 - Dynamically Generated Json Object",
              "timedOut": null,
              "duration": 1226,
              "state": "passed",
              "speed": "fast",
              "pass": true,
              "fail": false,
              "pending": false,
              "context": null,
              "code": "const requestBody = {\n  tourist_name: Math.random().toString(5).substring(2),\n  tourist_email: Math.random().toString(5).substring(2) + \"@yopmail.com\",\n  tourist_location: \"Fretin\"\n};\ncy.request({\n  method: 'POST',\n  url: 'http://restapi.adequateshop.com/api/Tourist/',\n  body: requestBody\n}).then(response => {\n  expect(response.status).to.eq(201);\n  expect(response.body.tourist_name).to.eq(requestBody.tourist_name);\n  expect(response.body.tourist_email).to.eq(requestBody.tourist_email);\n  expect(response.body.tourist_location).to.eq(requestBody.tourist_location);\n});",
              "err": {},
              "uuid": "bec56346-35b5-49d6-ad51-030d8b2b373b",
              "parentUUID": "311ecbb9-418e-4eeb-a4cb-a0c52c4318b7",
              "isHook": false,
              "skipped": false
            },
            {
              "title": "Approach3 - Dynamically Generated Json Object",
              "fullTitle": "API Testing Approach3 - Dynamically Generated Json Object",
              "timedOut": null,
              "duration": 0,
              "state": "pending",
              "speed": null,
              "pass": false,
              "fail": false,
              "pending": true,
              "context": null,
              "code": "cy.fixture('tourist').then(myFixtureData => {\n  const requestBody = myFixtureData;\n  cy.request({\n    method: 'POST',\n    url: 'http://restapi.adequateshop.com/api/Tourist/',\n    body: requestBody\n  }).then(response => {\n    expect(response.status).to.eq(201);\n    expect(response.body.tourist_name).to.eq(requestBody.tourist_name);\n    expect(response.body.tourist_email).to.eq(requestBody.tourist_email);\n    expect(response.body.tourist_location).to.eq(requestBody.tourist_location);\n    expect(response.body).has.property('tourist_name', requestBody.tourist_name);\n    expect(response.body).has.property('tourist_email', requestBody.tourist_email);\n    expect(response.body).has.property('tourist_location', requestBody.tourist_location);\n  });\n});",
              "err": {},
              "uuid": "a619809d-19f2-474f-9bff-ef6af6feeefa",
              "parentUUID": "311ecbb9-418e-4eeb-a4cb-a0c52c4318b7",
              "isHook": false,
              "skipped": false
            }
          ],
          "suites": [],
          "passes": [
            "bec56346-35b5-49d6-ad51-030d8b2b373b"
          ],
          "failures": [],
          "pending": [
            "a619809d-19f2-474f-9bff-ef6af6feeefa"
          ],
          "skipped": [],
          "duration": 1226,
          "root": false,
          "rootEmpty": false,
          "_timeout": 2000
        }
      ],
      "passes": [],
      "failures": [],
      "pending": [],
      "skipped": [],
      "duration": 0,
      "root": true,
      "rootEmpty": true,
      "_timeout": 2000
    }
  ],
  "meta": {
    "mocha": {
      "version": "7.0.1"
    },
    "mochawesome": {
      "options": {
        "quiet": false,
        "reportFilename": "mochawesome",
        "saveHtml": false,
        "saveJson": true,
        "consoleReporter": "spec",
        "useInlineDiffs": false,
        "code": true
      },
      "version": "7.1.3"
    },
    "marge": {
      "options": {
        "charts": true,
        "overwrite": false,
        "html": false,
        "json": true,
        "reportDir": "cypress/report"
      },
      "version": "6.2.0"
    }
  }
}