{
  "stats": {
    "suites": 0,
    "tests": 2,
    "passes": 2,
    "pending": 0,
    "failures": 0,
    "start": "2023-11-06T10:44:18.209Z",
    "end": "2023-11-06T10:44:21.460Z",
    "duration": 3251,
    "testsRegistered": 2,
    "passPercent": 100,
    "pendingPercent": 0,
    "other": 0,
    "hasOther": false,
    "skipped": 0,
    "hasSkipped": false
  },
  "results": [
    {
      "uuid": "3bb8b418-453d-4071-8cb2-d7182715c8f4",
      "title": "",
      "fullFile": "cypress\\e2e\\fileuploaddownloaddemo.cy.js",
      "file": "cypress\\e2e\\fileuploaddownloaddemo.cy.js",
      "beforeHooks": [],
      "afterHooks": [],
      "tests": [
        {
          "title": "File Upload test",
          "fullTitle": "File Upload test",
          "timedOut": null,
          "duration": 422,
          "state": "passed",
          "speed": "fast",
          "pass": true,
          "fail": false,
          "pending": false,
          "context": null,
          "code": "cy.visit('https://trytestingthis.netlify.app/');\ncy.get('#myfile').attachFile('example.json'); //Le nom du fichier à uploader suffit s'il est dans le folder 'fixtures'",
          "err": {},
          "uuid": "0182d266-9742-4334-802f-7dce1594ff85",
          "parentUUID": "3bb8b418-453d-4071-8cb2-d7182715c8f4",
          "isHook": false,
          "skipped": false
        },
        {
          "title": "File Download test",
          "fullTitle": "File Download test",
          "timedOut": null,
          "duration": 299,
          "state": "passed",
          "speed": "fast",
          "pass": true,
          "fail": false,
          "pending": false,
          "context": null,
          "code": "cy.downloadFile('https://consort-group.com/wp-content/uploads/2023/06/Systeme-u-redimensionne.png', 'mydownloads', 'example.jpg');",
          "err": {},
          "uuid": "91ebbe19-c2f4-4fd6-8ac1-456164fa8cae",
          "parentUUID": "3bb8b418-453d-4071-8cb2-d7182715c8f4",
          "isHook": false,
          "skipped": false
        }
      ],
      "suites": [],
      "passes": [
        "0182d266-9742-4334-802f-7dce1594ff85",
        "91ebbe19-c2f4-4fd6-8ac1-456164fa8cae"
      ],
      "failures": [],
      "pending": [],
      "skipped": [],
      "duration": 721,
      "root": true,
      "rootEmpty": false,
      "_timeout": 2000
    }
  ],
  "meta": {
    "mocha": {
      "version": "7.0.1"
    },
    "mochawesome": {
      "options": {
        "quiet": false,
        "reportFilename": "mochawesome",
        "saveHtml": false,
        "saveJson": true,
        "consoleReporter": "spec",
        "useInlineDiffs": false,
        "code": true
      },
      "version": "7.1.3"
    },
    "marge": {
      "options": {
        "charts": true,
        "overwrite": false,
        "html": false,
        "json": true,
        "reportDir": "cypress/report"
      },
      "version": "6.2.0"
    }
  }
}