{
  "stats": {
    "suites": 0,
    "tests": 1,
    "passes": 1,
    "pending": 0,
    "failures": 0,
    "start": "2023-11-09T07:59:34.459Z",
    "end": "2023-11-09T07:59:38.797Z",
    "duration": 4338,
    "testsRegistered": 1,
    "passPercent": 100,
    "pendingPercent": 0,
    "other": 0,
    "hasOther": false,
    "skipped": 0,
    "hasSkipped": false
  },
  "results": [
    {
      "uuid": "24445fb7-66bc-4056-ac3f-f13f26d2b386",
      "title": "",
      "fullFile": "cypress\\e2e\\test1.cy.js",
      "file": "cypress\\e2e\\test1.cy.js",
      "beforeHooks": [],
      "afterHooks": [],
      "tests": [
        {
          "title": "Login with valid credentials",
          "fullTitle": "Login with valid credentials",
          "timedOut": null,
          "duration": 2131,
          "state": "passed",
          "speed": "fast",
          "pass": true,
          "fail": false,
          "pending": false,
          "context": null,
          "code": "cy.visit('https://www.saucedemo.com/');\ncy.get('[data-test=\"username\"]').type('standard_user');\ncy.get('[data-test=\"password\"]').type('secret_sauce');\n//cy.get('[data-test=\"password\"]').type('secret_sauce{Enter}') //On simule la touche entrée, au lieu de cliquer sur le bouton Login\n// Custom timeout here:\ncy.get('[data-test=\"login-button\"]', {\n  timeout: 5000\n}).click();",
          "err": {},
          "uuid": "360fe0cd-b28a-4440-a1cf-01b22c3535cf",
          "parentUUID": "24445fb7-66bc-4056-ac3f-f13f26d2b386",
          "isHook": false,
          "skipped": false
        }
      ],
      "suites": [],
      "passes": [
        "360fe0cd-b28a-4440-a1cf-01b22c3535cf"
      ],
      "failures": [],
      "pending": [],
      "skipped": [],
      "duration": 2131,
      "root": true,
      "rootEmpty": false,
      "_timeout": 2000
    }
  ],
  "meta": {
    "mocha": {
      "version": "7.0.1"
    },
    "mochawesome": {
      "options": {
        "quiet": false,
        "reportFilename": "mochawesome",
        "saveHtml": false,
        "saveJson": true,
        "consoleReporter": "spec",
        "useInlineDiffs": false,
        "code": true
      },
      "version": "7.1.3"
    },
    "marge": {
      "options": {
        "charts": true,
        "overwrite": false,
        "html": false,
        "json": true,
        "reportDir": "cypress/report"
      },
      "version": "6.2.0"
    }
  }
}