{
  "stats": {
    "suites": 1,
    "tests": 1,
    "passes": 1,
    "pending": 0,
    "failures": 0,
    "start": "2023-11-09T07:59:43.972Z",
    "end": "2023-11-09T07:59:45.829Z",
    "duration": 1857,
    "testsRegistered": 1,
    "passPercent": 100,
    "pendingPercent": 0,
    "other": 0,
    "hasOther": false,
    "skipped": 0,
    "hasSkipped": false
  },
  "results": [
    {
      "uuid": "5e0bc66a-5c75-4586-b924-6faa732a4ac1",
      "title": "",
      "fullFile": "cypress\\e2e\\ApiTesting\\HeadersAndCookies.cy.js",
      "file": "cypress\\e2e\\ApiTesting\\HeadersAndCookies.cy.js",
      "beforeHooks": [],
      "afterHooks": [],
      "tests": [],
      "suites": [
        {
          "uuid": "b71dc413-5c5b-4cc3-8008-27c796196a7d",
          "title": "Api testing",
          "fullFile": "",
          "file": "",
          "beforeHooks": [],
          "afterHooks": [],
          "tests": [
            {
              "title": "Get all orders",
              "fullTitle": "Api testing Get all orders",
              "timedOut": null,
              "duration": 1811,
              "state": "passed",
              "speed": "fast",
              "pass": true,
              "fail": false,
              "pending": false,
              "context": null,
              "code": "cy.request({\n  method: 'GET',\n  url: 'https://simple-books-api.glitch.me/orders/',\n  headers: {\n    'Content-Type': 'application/json',\n    'Authorization': \"Bearer \" + authToken\n  },\n  cookies: {\n    'cookieName': 'mycookie'\n  }\n}).then(response => {\n  expect(response.status).to.eq(200);\n  expect(response.body).has.length(1);\n  expect(response.body[0].id).to.eq(orderId);\n});",
              "err": {},
              "uuid": "0550d58e-bb70-4c65-a1bd-e656f67bd653",
              "parentUUID": "b71dc413-5c5b-4cc3-8008-27c796196a7d",
              "isHook": false,
              "skipped": false
            }
          ],
          "suites": [],
          "passes": [
            "0550d58e-bb70-4c65-a1bd-e656f67bd653"
          ],
          "failures": [],
          "pending": [],
          "skipped": [],
          "duration": 1811,
          "root": false,
          "rootEmpty": false,
          "_timeout": 2000
        }
      ],
      "passes": [],
      "failures": [],
      "pending": [],
      "skipped": [],
      "duration": 0,
      "root": true,
      "rootEmpty": true,
      "_timeout": 2000
    }
  ],
  "meta": {
    "mocha": {
      "version": "7.0.1"
    },
    "mochawesome": {
      "options": {
        "quiet": false,
        "reportFilename": "mochawesome",
        "saveHtml": false,
        "saveJson": true,
        "consoleReporter": "spec",
        "useInlineDiffs": false,
        "code": true
      },
      "version": "7.1.3"
    },
    "marge": {
      "options": {
        "charts": true,
        "overwrite": false,
        "html": false,
        "json": true,
        "reportDir": "cypress/report"
      },
      "version": "6.2.0"
    }
  }
}